<?xml version="1.0" encoding="UTF-8"?>
<!-- Generated by org.testng.reporters.JUnitReportReporter -->
<testsuite skipped="0" hostname="LND-4FXHB2S-DX" name="test.TestRegistration" tests="5" failures="0" timestamp="25 Jan 2018 09:11:54 GMT" time="10.207" errors="0">
  <testcase name="checkIfSignUpLinkIsClickable" time="4.098" classname="test.TestRegistration"/>
  <testcase name="checkIfLearnerButtonIsClickable" time="0.306" classname="test.TestRegistration"/>
  <testcase name="checkIfUserCanRegister" time="1.130" classname="test.TestRegistration"/>
  <testcase name="checkIfUserCanSignUpWithEmail" time="1.054" classname="test.TestRegistration"/>
  <testcase name="checkIfUserCanRegister" time="3.619" classname="test.TestRegistration"/>
</testsuite> <!-- test.TestRegistration -->
